<?xml version="1.0" encoding="UTF-8"?>
<testsuite xmlns:xsi="http://www.w3.org/2001/XMLSchema-instance" xsi:noNamespaceSchemaLocation="https://maven.apache.org/surefire/maven-surefire-plugin/xsd/surefire-test-report-3.0.xsd" version="3.0" name="com.example.EditorTest" time="301.413" tests="7" errors="0" skipped="0" failures="0">
  <properties>
[...]
</properties>
  <testcase name="run" classname="com.example.EditorTest" time="100.805">
    <system-err><![CDATA[Starting ChromeDriver 125.0.6422.60 (3ac3319bff9f3e139d632e3d195e3d2d43d86e37-refs/branch-heads/6422@{#1017}) on port 14217
Only local connections are allowed.
Please see https://chromedriver.chromium.org/security-considerations for suggestions on keeping ChromeDriver safe.
ChromeDriver was started successfully.
May 16, 2024 6:17:31 PM org.openqa.selenium.remote.ProtocolHandshake createSession
INFO: Detected dialect: W3C
]]></system-err>
  </testcase>
  <testcase name="compile" classname="com.example.EditorTest" time="24.305">
    <system-err><![CDATA[Starting ChromeDriver 125.0.6422.60 (3ac3319bff9f3e139d632e3d195e3d2d43d86e37-refs/branch-heads/6422@{#1017}) on port 16426
Only local connections are allowed.
Please see https://chromedriver.chromium.org/security-considerations for suggestions on keeping ChromeDriver safe.
ChromeDriver was started successfully.
May 16, 2024 6:19:12 PM org.openqa.selenium.remote.ProtocolHandshake createSession
INFO: Detected dialect: W3C
[1715876374.216][WARNING]: Processing messages while being disconnected
[1715876374.216][SEVERE]: Unable to receive message from renderer
]]></system-err>
  </testcase>
  <testcase name="submit" classname="com.example.EditorTest" time="81.083">
    <system-err><![CDATA[Starting ChromeDriver 125.0.6422.60 (3ac3319bff9f3e139d632e3d195e3d2d43d86e37-refs/branch-heads/6422@{#1017}) on port 20971
Only local connections are allowed.
Please see https://chromedriver.chromium.org/security-considerations for suggestions on keeping ChromeDriver safe.
ChromeDriver was started successfully.
May 16, 2024 6:19:35 PM org.openqa.selenium.remote.ProtocolHandshake createSession
INFO: Detected dialect: W3C
[1715876455.396][WARNING]: Processing messages while being disconnected
[1715876455.396][SEVERE]: Unable to receive message from renderer
]]></system-err>
  </testcase>
  <testcase name="selection" classname="com.example.EditorTest" time="5.06">
    <system-err><![CDATA[Starting ChromeDriver 125.0.6422.60 (3ac3319bff9f3e139d632e3d195e3d2d43d86e37-refs/branch-heads/6422@{#1017}) on port 18667
Only local connections are allowed.
Please see https://chromedriver.chromium.org/security-considerations for suggestions on keeping ChromeDriver safe.
ChromeDriver was started successfully.
May 16, 2024 6:20:56 PM org.openqa.selenium.remote.ProtocolHandshake createSession
INFO: Detected dialect: W3C
]]></system-err>
  </testcase>
  <testcase name="startGame" classname="com.example.EditorTest" time="5.874">
    <system-err><![CDATA[Starting ChromeDriver 125.0.6422.60 (3ac3319bff9f3e139d632e3d195e3d2d43d86e37-refs/branch-heads/6422@{#1017}) on port 24438
Only local connections are allowed.
Please see https://chromedriver.chromium.org/security-considerations for suggestions on keeping ChromeDriver safe.
ChromeDriver was started successfully.
May 16, 2024 6:21:02 PM org.openqa.selenium.remote.ProtocolHandshake createSession
INFO: Detected dialect: W3C
]]></system-err>
  </testcase>
  <testcase name="storico" classname="com.example.EditorTest" time="77.304">
    <system-err><![CDATA[Starting ChromeDriver 125.0.6422.60 (3ac3319bff9f3e139d632e3d195e3d2d43d86e37-refs/branch-heads/6422@{#1017}) on port 32195
Only local connections are allowed.
Please see https://chromedriver.chromium.org/security-considerations for suggestions on keeping ChromeDriver safe.
ChromeDriver was started successfully.
May 16, 2024 6:21:07 PM org.openqa.selenium.remote.ProtocolHandshake createSession
INFO: Detected dialect: W3C
]]></system-err>
  </testcase>
  <testcase name="logout_editor" classname="com.example.EditorTest" time="6.871">
    <system-err><![CDATA[Starting ChromeDriver 125.0.6422.60 (3ac3319bff9f3e139d632e3d195e3d2d43d86e37-refs/branch-heads/6422@{#1017}) on port 11561
Only local connections are allowed.
Please see https://chromedriver.chromium.org/security-considerations for suggestions on keeping ChromeDriver safe.
ChromeDriver was started successfully.
May 16, 2024 6:22:25 PM org.openqa.selenium.remote.ProtocolHandshake createSession
INFO: Detected dialect: W3C
]]></system-err>
  </testcase>
</testsuite>